<?xml version="1.0" encoding="UTF-8"?>
<!-- Generated by org.testng.reporters.JUnitReportReporter -->
<testsuite hostname="SuRaj" failures="0" tests="1" name="com.Amazon.TestClass.TC001_SearchBoxCheck" time="12.331" errors="0" timestamp="2022-10-12T19:07:27 IST" skipped="0">
  <testcase classname="com.Amazon.TestClass.TC001_SearchBoxCheck" name="CheckSearchFoxfuntionality" time="12.331"/>
  <system-out/>
</testsuite> <!-- com.Amazon.TestClass.TC001_SearchBoxCheck -->
