<?xml version="1.0" encoding="UTF-8"?>
<!-- Generated by org.testng.reporters.JUnitReportReporter -->
<testsuite hostname="SuRaj" failures="0" tests="1" name="com.Amazon.TestClass.TC002_HpLaptopSelect" time="18.004" errors="0" timestamp="2022-10-12T19:07:27 IST" skipped="0">
  <testcase classname="com.Amazon.TestClass.TC002_HpLaptopSelect" name="SelectHplaptop" time="18.004"/>
  <system-out/>
</testsuite> <!-- com.Amazon.TestClass.TC002_HpLaptopSelect -->
